{
"%SQL.ColumnarTables":0,
"%SQL.ForeignTables":0,
"%SQL.ShardedTables":0,
"%SQL.VectorTables":0,
"FT.CPUarch":"AArch64",
"FT.CPUcores":56,
"FT.CPUflags":"fp asimd evtstrm aes pmull sha1 sha2 crc32 atomics fphp asimdhp cpuid asimdrdm jscvt fcma lrcpc dcpop sha3 asimddp sha512 asimdfhm dit uscat ilrcpc flagm ssbs sb paca pacg dcpodp flagm2 frint",
"FT.CPUmodel":"ARMv8",
"FT.CPUthreads":224,
"FT.CPUvendor":"ARM",
"FT.Cloud.Info":"not available",
"FT.DeepSeeAnalyze":1,
"FT.DeepSeeModel":1,
"FT.DeepSeeRun":1,
"FT.Ensemble":1,
"FT.Hostname":"IRIS-DATA-SERVER",
"FT.IRISInsidePython":0,
"FT.InsideCgroup":0,
"FT.InstanceGUID":"5862F8DF-F6C2-11F0-9D9E-0E10233CF8FD",
"FT.InstanceName":"IRIS",
"FT.LicensedCores":8,
"FT.LocalTimestamp":"67591,43963",
"FT.Locale":"enuw",
"FT.MEMbuf16kB":0,
"FT.MEMbuf32kB":0,
"FT.MEMbuf64kB":0,
"FT.MEMbuf8kB":511104,
"FT.MEMtotalkB":16356724,
"FT.MirrorMemberType":"Not Member",
"FT.OSType":"Unix",
"FT.OSversion":"Ubuntu 24.04.3 LTS",
"FT.OrderID":54321,
"FT.PythonInsideIRIS":0,
"FT.PythonRuntimeLibrary":"Default",
"FT.ReportRoleCount":0,
"FT.ReportServerCount":0,
"FT.ReportUserCount":0,
"FT.TotalPhysicalCores":8,
"FT.UTCBeginTime":"67583,63926.962663077",
"FT.UTCTimestamp":"67591,43963.021612346",
"FT.Unicode":"Unicode",
"FT.ZVERSION":"IRIS for UNIX (Ubuntu Server LTS for ARM64 Containers) 2025.3 (Build 226U) Thu Nov 13 2025 12:40:36 EST",
"FT.iKnow":1,
"FT.platform":"dockerubuntuarm64",
"Interop.Database Impact":"[]",
"Interop.Interface.Inbound":"[]",
"Interop.Interface.Outbound":"[]",
"Interop.Interface.Web API":"[]",
"Interop.Volume.Inbound":"[]",
"Interop.Volume.Outbound":"[]"
}
