01/13/26-17:44:31:079 (14568) 0 [Generic.Event] Allocated 502MB shared memory
01/13/26-17:44:31:080 (14568) 0 [Generic.Event] 32MB global buffers, 80MB routine buffers, 64MB journal buffers, 5MB buffer descriptors, 300MB heap, 5MB ECP, 15MB miscellaneous
01/13/26-17:44:31:081 (14568) 0 [SIMD] SIMD optimization level: DEFAULT
01/13/26-17:44:31:088 (14568) 0 [WriteDaemon.UsingWIJFile] Using WIJ file: /usr/irissys/mgr/IRIS.WIJ
01/13/26-17:44:31:089 (14568) 0 [Generic.Event] No journaling info from prior system
01/13/26-17:44:31:089 (14568) 0 [WriteDaemon.CreatingNewWIJ] Creating a new WIJ file
01/13/26-17:44:31:089 (14568) 0 [WriteDaemon.CreatedNewWIJ] New WIJ file created
01/13/26-17:44:31:092 (14568) 0 [Generic.Event] 
Startup of InterSystems IRIS [IRIS for UNIX (Ubuntu Server LTS for ARM64 Containers) 2025.3 (Build 226U) Thu Nov 13 2025 12:40:36 EST]
	in ../bin/
	with mgr: /usr/irissys/mgr
	with wij: /usr/irissys/mgr/IRIS.WIJ
	from: /usr/irissys/mgr/
  OS=[Linux], version=[#1 SMP Fri Oct 7 11:33:30 EDT 2022], release=[4.18.0-372.32.1.el8_6.aarch64], machine=[aarch64]
  nodename=[7d4488f451f1].
  numasyncwijbuf: 2, wdwrite_asyncio_max: 64, wijdirectio: on, synctype: 3
  System Initialized.
01/13/26-17:44:31:101 (14601) 0 [WriteDaemon.Started] Write daemon started.
01/13/26-17:44:31:106 (14618) 0 [Database.MountedRW] Mounted database /usr/irissys/mgr/ (SFN 0) read-write.
01/13/26-17:44:31:130 (14625) 0 [Utility.Event] Starting ^INSTALL procedure
01/13/26-17:44:31:131 (14611) 0 [Database.StartExpansion] Starting Expansion for database /usr/irissys/mgr/. 34 MB requested.
01/13/26-17:44:31:132 (14611) 0 [Database.FullExpansion] Expansion completed for database /usr/irissys/mgr/. Expanded by 34 MB. New size is 70 MB.
01/13/26-17:44:31:285 (14625) 0 [Utility.Event] Switching to temporary %SYS Namespace
01/13/26-17:44:31:286 (14625) 0 [Database.MountedRO] Mounted database /usr/irissys/mgr/irislib/ (SFN 1) read-only. Database label is marked read-only. 
01/13/26-17:44:31:919 (14625) 0 [Utility.Event] Creating IRISTEMP database in /usr/irissys/mgr/iristemp
01/13/26-17:44:31:922 (14625) 0 [Database.MountedRW] Mounted database /usr/irissys/mgr/iristemp/ (SFN 2) read-write.
01/13/26-17:44:31:923 (14625) 0 [Utility.Event] Creating IRISMETRICS database in /usr/irissys/mgr/irismetrics/
01/13/26-17:44:31:926 (14625) 0 [Database.MountedRW] Mounted database /usr/irissys/mgr/irismetrics/ (SFN 3) read-write.
01/13/26-17:44:31:935 (14625) 0 [Utility.Event] Creating IRISLOCALDATA database in /usr/irissys/mgr/irislocaldata/
01/13/26-17:44:31:937 (14625) 0 [Database.MountedRW] Mounted database /usr/irissys/mgr/irislocaldata/ (SFN 4) read-write.
01/13/26-17:44:31:946 (14625) 0 [Utility.Event] Creating IRISSECURITY database in /usr/irissys/mgr/irissecurity/
01/13/26-17:44:31:948 (14625) 0 [Database.MountedRW] Mounted database /usr/irissys/mgr/irissecurity/ (SFN 5) read-write.
01/13/26-17:44:31:957 (14625) 0 [Utility.Event] Switching to default %SYS Namespace
01/13/26-17:44:31:957 (14625) 0 [Utility.Event] Loading DLLs
01/13/26-17:44:32:764 (14625) 0 [Utility.Event] Loading Locale enuw (English, United States, Unicode) from objects
01/13/26-17:44:33:140 (14626) 0 [Utility.Event] WorkQueue: Starting work queue daemon parent=14625
01/13/26-17:44:33:141 (14611) 0 [Database.StartExpansion] Starting Expansion for database /usr/irissys/mgr/irislocaldata/. 10 MB requested.
01/13/26-17:44:33:142 (14611) 0 [Database.FullExpansion] Expansion completed for database /usr/irissys/mgr/irislocaldata/. Expanded by 10 MB. New size is 11 MB.
01/13/26-17:44:33:155 (14611) 0 [Database.StartExpansion] Starting Expansion for database /usr/irissys/mgr/irislocaldata/. 10 MB requested.
01/13/26-17:44:33:156 (14611) 0 [Database.FullExpansion] Expansion completed for database /usr/irissys/mgr/irislocaldata/. Expanded by 10 MB. New size is 21 MB.
01/13/26-17:44:33:171 (14611) 0 [Database.StartExpansion] Starting Expansion for database /usr/irissys/mgr/irislocaldata/. 10 MB requested.
01/13/26-17:44:33:172 (14611) 0 [Database.FullExpansion] Expansion completed for database /usr/irissys/mgr/irislocaldata/. Expanded by 10 MB. New size is 31 MB.
01/13/26-17:44:33:174 (14611) 0 [Database.StartExpansion] Starting Expansion for database /usr/irissys/mgr/iristemp/. 10 MB requested.
01/13/26-17:44:33:174 (14611) 0 [Database.FullExpansion] Expansion completed for database /usr/irissys/mgr/iristemp/. Expanded by 10 MB. New size is 11 MB.
01/13/26-17:44:35:444 (14625) 0 [Database.MountedRW] Mounted database /usr/irissys/mgr/irisaudit/ (SFN 6) read-write.
01/13/26-17:44:35:544 (14625) 0 [Database.MountedRW] Mounted database /usr/irissys/mgr/user/ (SFN 7) read-write.
01/13/26-17:44:39:311 (14625) 0 [Utility.Event] Finishing ^INSTALL procedure
01/13/26-17:44:39:327 (14652) 0 [Utility.Event] User 'irisowner' shutting down InterSystems IRIS
01/13/26-17:44:39:375 (14652) 0 [Utility.Event] Notifying Clients
01/13/26-17:44:39:375 (14652) 0 [Utility.Event] No user shutdown routines to execute
01/13/26-17:44:39:376 (14652) 0 [Utility.Event] Stopping User Jobs
01/13/26-17:44:39:394 (14652) 0 [Utility.Event] Stopping Network Servers
01/13/26-17:44:39:396 (14652) 0 [Utility.Event] Withdrawing from License Domain
01/13/26-17:44:39:396 (14652) 0 [Utility.Event] Stopping Client Networking
01/13/26-17:44:39:396 (14652) 0 [Utility.Event] Updating Journal File
01/13/26-17:44:39:397 (14652) 0 [Utility.Event] Journal restore not required at next startup
01/13/26-17:44:39:397 (14652) 0 [Utility.Event] Transaction rollback not required at next startup
01/13/26-17:44:39:497 (14652) 0 [Utility.Event] Removing database locks
01/13/26-17:44:39:500 (14652) 0 [Utility.Event] Waiting for database updates to complete
01/13/26-17:44:39:500 (14652) 0 [Utility.Event] Database updates complete
01/13/26-17:44:39:500 (14652) 0 [Utility.Event] Stopping System Jobs
01/13/26-17:44:39:600 (14611) 0 [Generic.Event] EXPDMN exited due to system shutdown
01/13/26-17:44:39:601 (14603) 0 [Generic.Event] JRNDMN exited due to system shutdown
01/13/26-17:44:39:601 (14602) 0 [Generic.Event] GARCOL exited due to system shutdown
01/13/26-17:44:39:601 (14604) 0 [Generic.Event] AUXWD #1 exited due to system shutdown
01/13/26-17:44:39:601 (14605) 0 [Generic.Event] AUXWD #2 exited due to system shutdown
01/13/26-17:44:39:602 (14608) 0 [Generic.Event] AUXWD #5 exited due to system shutdown
01/13/26-17:44:39:602 (14609) 0 [Generic.Event] AUXWD #6 exited due to system shutdown
01/13/26-17:44:39:602 (14610) 0 [Generic.Event] AUXWD #7 exited due to system shutdown
01/13/26-17:44:39:602 (14601) 0 [Generic.Event] No blocks pending in WIJ file
01/13/26-17:44:39:602 (14601) 0 [Generic.Event] WRTDMN exited due to system shutdown
01/13/26-17:44:39:602 (14606) 0 [Generic.Event] AUXWD #3 exited due to system shutdown
01/13/26-17:44:39:603 (14607) 0 [Generic.Event] AUXWD #4 exited due to system shutdown
01/13/26-17:44:39:612 (14568) 0 [Generic.Event] CONTROL exited due to system shutdown
01/13/26-17:44:39:622 (14652) 0 [Utility.Event] Shutdown complete



*** Recovery started at Tue Jan 13 17:44:44 2026
     Current default directory: /usr/irissys/mgr
     Log file directory: /usr/irissys/mgr/
     WIJ file spec: /usr/irissys/mgr/IRIS.WIJ
Recovering local (/usr/irissys/mgr/IRIS.WIJ) image journal file...
Starting WIJ recovery for '/usr/irissys/mgr/IRIS.WIJ'.
  0 blocks pending in this WIJ.
Exiting with status 3 (Success)
01/13/26-17:44:44:899 (15063) 0 [Generic.Event] Global buffer setting requires attention.  Auto-selected 25% of total memory.
01/13/26-17:44:44:987 (15063) 0 [Generic.Event] Allocated 72715MB shared memory
01/13/26-17:44:44:987 (15063) 0 [Generic.Event] 65262MB global buffers, 1020MB routine buffers, 64MB journal buffers, 4390MB buffer descriptors, 1957MB heap, 5MB ECP, 15MB miscellaneous
01/13/26-17:44:44:988 (15063) 0 [SIMD] SIMD optimization level: DEFAULT
01/13/26-17:44:45:284 (15063) 0 [WriteDaemon.UsingWIJFile] Using WIJ file: /usr/irissys/mgr/IRIS.WIJ
01/13/26-17:44:45:284 (15063) 0 [Generic.Event] No journaling info from prior system
01/13/26-17:44:45:284 (15063) 0 [WriteDaemon.CreatingNewWIJ] Creating a new WIJ file
01/13/26-17:44:45:285 (15063) 0 [WriteDaemon.CreatedNewWIJ] New WIJ file created
01/13/26-17:44:45:289 (15063) 0 [Generic.Event] 
Startup of InterSystems IRIS [IRIS for UNIX (Ubuntu Server LTS for ARM64 Containers) 2025.3 (Build 226U) Thu Nov 13 2025 12:40:36 EST]
	in /usr/irissys/bin/
	with mgr: /usr/irissys/mgr
	with wij: /usr/irissys/mgr/IRIS.WIJ
	from: /usr/irissys/mgr/
  OS=[Linux], version=[#1 SMP Fri Oct 7 11:33:30 EDT 2022], release=[4.18.0-372.32.1.el8_6.aarch64], machine=[aarch64]
  nodename=[7d4488f451f1].
  numasyncwijbuf: 2, wdwrite_asyncio_max: 64, wijdirectio: on, synctype: 3
  System Initialized.
01/13/26-17:44:45:294 (15123) 0 [Database.MountedRW] Mounted database /usr/irissys/mgr/ (SFN 0) read-write.
01/13/26-17:44:45:297 (15112) 0 [WriteDaemon.Started] Write daemon started.
01/13/26-17:44:45:298 (15123) 0 [Database.MountedRO] Mounted database /usr/irissys/mgr/irislib/ (SFN 1) read-only. Database label is marked read-only. 
01/13/26-17:44:45:299 (15123) 0 [Utility.Event] Instance 'IRIS' starting on node 7d4488f451f1 by user 'irisowner' on 01/13/2026 17:44:45.299 UTC
01/13/26-17:44:45:299 (15123) 0 [Utility.Event] Using parameters from file '/usr/irissys/iris.cpf'
01/13/26-17:44:45:299 (15123) 0 [Utility.Event] Loading DLLs
01/13/26-17:44:45:300 (15123) 0 [Utility.Event] Switching to temporary %SYS Namespace
01/13/26-17:44:45:302 (15123) 0 [Database.MountedRW] Mounted database /usr/irissys/mgr/irissecurity/ (SFN 2) read-write.
01/13/26-17:44:45:303 (15123) 0 [Utility.Event] Loading Locale enuw (English, United States, Unicode) from objects
01/13/26-17:44:45:320 (15123) 0 [Database.MountedRW] Mounted database /usr/irissys/mgr/irislocaldata/ (SFN 3) read-write.
01/13/26-17:44:45:320 (15123) 0 [Utility.Event] Using OpenSSL 3.0.13 30 Jan 2024
01/13/26-17:44:45:325 (15123) 0 [Database.MountedRW] Mounted database /usr/irissys/mgr/iristemp/ (SFN 4) read-write.
01/13/26-17:44:45:329 (15123) 0 [Utility.Event] /usr/irissys/mgr/iristemp/ initialized as IRISTEMP
01/13/26-17:44:45:332 (15123) 0 [Utility.Event] Switching to default %SYS Namespace
01/13/26-17:44:45:332 (15123) 0 [Utility.Event] Added ethernet device tap0 to default list
01/13/26-17:44:45:411 (15124) 0 [Utility.Event] Log Monitor Started
01/13/26-17:44:45:515 (15125) 0 [Utility.Event] Clean Daemon Started
01/13/26-17:44:45:651 (15123) 0 [Utility.Event] Updating configuration information from /usr/irissys/iris.cpf
01/13/26-17:44:45:671 (15123) 0 [Utility.Event] No archives configured
01/13/26-17:44:45:673 (15123) 0 [Utility.Event] Performing Journal Recovery
01/13/26-17:44:45:673 (15123) 0 [Utility.Event] Graceful system shutdown, journal restore not required
01/13/26-17:44:45:673 (15123) 0 [Utility.Event] Graceful system shutdown, transaction rollback not required
01/13/26-17:44:45:676 (15123) 0 [Utility.Event] START: /usr/irissys/mgr/journal/20260113.001
01/13/26-17:44:45:679 (15123) 0 [Generic.Event] INTERSYSTEMS IRIS JOURNALING SYSTEM MESSAGE
Journaling started to: /usr/irissys/mgr/journal/20260113.001
01/13/26-17:44:45:680 (15123) 0 [Utility.Event] Journaling to /usr/irissys/mgr/journal/20260113.001 started.
01/13/26-17:44:45:680 (15123) 0 [Utility.Event] Processing WorkQueues section
01/13/26-17:44:45:681 (15123) 0 [Utility.Event] Processing Startup section
01/13/26-17:44:45:686 (15126) 0 [Utility.Event] Purging old application errors
01/13/26-17:44:45:686 (15123) 0 [Utility.Event] Created temp directory /usr/irissys/mgr/Temp
01/13/26-17:44:45:690 (15123) 0 [Utility.Event] Processing config section
01/13/26-17:44:45:691 (15123) 2 [Utility.Event] LMF Error: No valid license key. No valid local file found and LicenseID not defined.
01/13/26-17:44:45:696 (15128) 0 [Utility.Event] LMF Info: License Key Order Number is 0
01/13/26-17:44:45:796 (15123) 0 [Utility.Event] Initializing Security system
01/13/26-17:44:45:941 (15123) 0 [Utility.Event] Processing Network section
01/13/26-17:44:45:941 (15123) 0 [Utility.Event] Activating Network
01/13/26-17:44:45:946 (15123) 0 [Utility.Event] Processing Databases section
01/13/26-17:44:45:949 (15123) 0 [Database.MountedRW] Mounted database /usr/irissys/mgr/irisaudit/ (SFN 5) read-write.
01/13/26-17:44:45:951 (15123) 0 [Database.MountedRW] Mounted database /usr/irissys/mgr/irismetrics/ (SFN 6) read-write.
01/13/26-17:44:45:953 (15123) 0 [Utility.Event] Processing Namespaces section
01/13/26-17:44:45:953 (15123) 0 [Utility.Event] Loading all namespaces
01/13/26-17:44:45:994 (15123) 0 [Utility.Event] Activating namespaces
01/13/26-17:44:45:994 (15123) 0 [Utility.Event] Activating new namespace map
01/13/26-17:44:46:006 (15123) 0 [Utility.Event] Namespace changes have been activated
01/13/26-17:44:46:011 (15131) 0 [Utility.Event] Starting superserver on port 1972
01/13/26-17:44:46:011 (15123) 0 [Utility.Event] Network Lock Upload Phase Starting
01/13/26-17:44:46:012 (15123) 0 [Utility.Event] Lock Upload Phase Complete
01/13/26-17:44:46:012 (15123) 0 [Utility.Event] Processing Miscellaneous section
01/13/26-17:44:46:022 (15134) 0 [Utility.Event] Starting Servers
01/13/26-17:44:46:022 (15123) 0 [Utility.Event] Processing Devices section
01/13/26-17:44:46:023 (15134) 0 [Utility.Event] Processing Shadows section (this system as shadow)
01/13/26-17:44:46:023 (15123) 0 [Utility.Event] Processing DeviceSubTypes section
01/13/26-17:44:46:023 (15123) 0 [Utility.Event] Processing MagTape section
01/13/26-17:44:46:023 (15123) 0 [Utility.Event] Processing IO section
01/13/26-17:44:46:023 (15134) 0 [Utility.Event] Processing Monitor section
01/13/26-17:44:46:023 (15123) 0 [Utility.Event] Processing SQL section
01/13/26-17:44:46:024 (15123) 0 [Utility.Event] Processing Macro Pre-Processor (MPP) section
01/13/26-17:44:46:026 (15123) 0 [Database.MountedRW] Mounted database /usr/irissys/mgr/user/ (SFN 7) read-write.
01/13/26-17:44:46:026 (15123) 0 [Utility.Event] Processing OS Package Requirements section
01/13/26-17:44:46:029 (15135) 0 [Utility.Event] WorkQueue: Starting work queue daemon parent=15134
01/13/26-17:44:46:041 (15134) 0 [Utility.Event] Processing Logging section
01/13/26-17:44:46:041 (15139) 0 [Utility.Event] [SYSTEM MONITOR] System Monitor started in %SYS
01/13/26-17:44:46:043 (15134) 0 [Utility.Event] Shard license: 0
01/13/26-17:44:46:090 (15123) 0 [Generic.Event] Auditing to /usr/irissys/mgr/irisaudit/
01/13/26-17:44:46:109 (15122) 0 [Database.StartExpansion] Starting Expansion for database /usr/irissys/mgr/irisaudit/. 10 MB requested.
01/13/26-17:44:46:109 (15122) 0 [Database.FullExpansion] Expansion completed for database /usr/irissys/mgr/irisaudit/. Expanded by 10 MB. New size is 11 MB.
01/13/26-17:44:46:132 (15123) 0 [Utility.Event] Interoperability: Installing IRISHealth
01/13/26-17:44:47:819 (15123) 0 [Generic.Event] Switched database /usr/irissys/mgr/irislib/ (SFN 1) to read-write.
01/13/26-17:44:47:822 (15123) 0 [Database.MountedRO] Mounted database /usr/irissys/mgr/enslib/ (SFN 8) read-only. Database label is marked read-only. 
01/13/26-17:44:50:826 (15123) 0 [Generic.Event] Switched database /usr/irissys/mgr/enslib/ (SFN 8) to read-write.
01/13/26-17:44:51:941 (15122) 0 [Database.StartExpansion] Starting Expansion for database /usr/irissys/mgr/enslib/. 23 MB requested.
01/13/26-17:44:51:942 (15122) 0 [Database.FullExpansion] Expansion completed for database /usr/irissys/mgr/enslib/. Expanded by 23 MB. New size is 212 MB.
01/13/26-17:44:58:701 (15123) 0 [Generic.Event] Switched database /usr/irissys/mgr/irislib/ (SFN 1) to read-only.
01/13/26-17:44:58:703 (15123) 0 [Generic.Event] Switched database /usr/irissys/mgr/enslib/ (SFN 8) to read-only.
01/13/26-17:44:58:704 (15123) 0 [Utility.Event] Installation initialization sequence starting
01/13/26-17:44:58:854 (15123) 0 [Utility.Event] Activating HSLIB namespace map
01/13/26-17:44:58:860 (15123) 0 [Utility.Event] Namespace HSLIB changes have been activated
01/13/26-17:44:58:926 (15123) 0 [Utility.Event] Activating HSLIB namespace map
01/13/26-17:44:58:931 (15123) 0 [Utility.Event] Namespace HSLIB changes have been activated
01/13/26-17:44:58:990 (15123) 0 [Database.MountedRW] Mounted database /usr/irissys/mgr/hslib/ (SFN 9) read-write.
01/13/26-17:44:59:007 (15123) 0 [Utility.Event] Activating HSLIB namespace map
01/13/26-17:44:59:013 (15123) 0 [Utility.Event] Namespace HSLIB changes have been activated
01/13/26-17:44:59:112 (15123) 0 [Utility.Event] Activating HSLIB namespace map
01/13/26-17:44:59:121 (15123) 0 [Utility.Event] Namespace HSLIB changes have been activated
01/13/26-17:44:59:211 (15123) 0 [Utility.Event] Activating HSLIB namespace map
01/13/26-17:44:59:219 (15123) 0 [Utility.Event] Namespace HSLIB changes have been activated
01/13/26-17:44:59:807 (15123) 0 [Utility.Event] Activating HSLIB namespace map
01/13/26-17:44:59:817 (15123) 0 [Utility.Event] Namespace HSLIB changes have been activated
01/13/26-17:44:59:940 (15123) 0 [Utility.Event] Activating HSLIB namespace map
01/13/26-17:44:59:950 (15123) 0 [Utility.Event] Namespace HSLIB changes have been activated
01/13/26-17:45:00:086 (15123) 0 [Utility.Event] Activating HSLIB namespace map
01/13/26-17:45:00:095 (15123) 0 [Utility.Event] Namespace HSLIB changes have been activated
01/13/26-17:45:00:217 (15123) 0 [Utility.Event] Activating HSLIB namespace map
01/13/26-17:45:00:227 (15123) 0 [Utility.Event] Namespace HSLIB changes have been activated
01/13/26-17:45:00:349 (15123) 0 [Utility.Event] Activating HSLIB namespace map
01/13/26-17:45:00:358 (15123) 0 [Utility.Event] Namespace HSLIB changes have been activated
01/13/26-17:45:00:473 (15123) 0 [Utility.Event] Activating HSLIB namespace map
01/13/26-17:45:00:483 (15123) 0 [Utility.Event] Namespace HSLIB changes have been activated
01/13/26-17:45:00:490 (15123) 0 [Database.MountedRW] Mounted database /usr/irissys/mgr/hssys/ (SFN 10) read-write.
01/13/26-17:45:00:666 (15123) 0 [Utility.Event] Activating HSSYS namespace map
01/13/26-17:45:00:672 (15123) 0 [Utility.Event] Namespace HSSYS changes have been activated
01/13/26-17:45:00:891 (15122) 0 [Database.StartExpansion] Starting Expansion for database /usr/irissys/mgr/irissecurity/. 10 MB requested.
01/13/26-17:45:00:892 (15122) 0 [Database.FullExpansion] Expansion completed for database /usr/irissys/mgr/irissecurity/. Expanded by 10 MB. New size is 11 MB.
01/13/26-17:45:01:082 (15123) 0 [Utility.Event] Activating HSSYS namespace map
01/13/26-17:45:01:089 (15123) 0 [Utility.Event] Namespace HSSYS changes have been activated
01/13/26-17:45:01:166 (15123) 0 [Database.MountedRW] Mounted database /usr/irissys/mgr/hssyslocaltemp/ (SFN 11) read-write.
01/13/26-17:45:01:348 (15123) 0 [Utility.Event] Activating HSSYSLOCALTEMP namespace map
01/13/26-17:45:01:354 (15123) 0 [Utility.Event] Namespace HSSYSLOCALTEMP changes have been activated
01/13/26-17:45:01:668 (15123) 0 [Database.MountedRW] Mounted database /usr/irissys/mgr/HSCUSTOM/ (SFN 12) read-write.
01/13/26-17:45:01:875 (15123) 0 [Utility.Event] Activating HSCUSTOM namespace map
01/13/26-17:45:01:881 (15123) 0 [Utility.Event] Namespace HSCUSTOM changes have been activated
01/13/26-17:45:02:146 (15123) 0 [Utility.Event] Activating HSCUSTOM namespace map
01/13/26-17:45:02:154 (15123) 0 [Utility.Event] Namespace HSCUSTOM changes have been activated
01/13/26-17:45:02:276 (15123) 0 [Utility.Event] Activating %SYS namespace map
01/13/26-17:45:02:281 (15123) 0 [Utility.Event] Namespace %SYS changes have been activated
01/13/26-17:45:02:408 (15123) 0 [Utility.Event] Activating HSSYS namespace map
01/13/26-17:45:02:415 (15123) 0 [Utility.Event] Namespace HSSYS changes have been activated
01/13/26-17:45:03:149 (15123) 0 [Utility.Event] Activating HSLIB namespace map
01/13/26-17:45:03:162 (15123) 0 [Utility.Event] Namespace HSLIB changes have been activated
01/13/26-17:45:03:327 (15123) 0 [Utility.Event] Activating HSSYS namespace map
01/13/26-17:45:03:337 (15123) 0 [Utility.Event] Namespace HSSYS changes have been activated
01/13/26-17:45:03:484 (15123) 0 [Utility.Event] Activating HSSYS namespace map
01/13/26-17:45:03:494 (15123) 0 [Utility.Event] Namespace HSSYS changes have been activated
01/13/26-17:45:04:241 (15123) 0 [Utility.Event] Activating HSSYS namespace map
01/13/26-17:45:04:252 (15123) 0 [Utility.Event] Namespace HSSYS changes have been activated
01/13/26-17:45:05:996 (15123) 0 [Utility.Event] Activating HSCUSTOM namespace map
01/13/26-17:45:06:005 (15123) 0 [Utility.Event] Namespace HSCUSTOM changes have been activated
01/13/26-17:45:06:181 (15123) 0 [Utility.Event] Activating HSCUSTOM namespace map
01/13/26-17:45:06:189 (15123) 0 [Utility.Event] Namespace HSCUSTOM changes have been activated
01/13/26-17:45:06:894 (15123) 0 [Utility.Event] Activating HSCUSTOM namespace map
01/13/26-17:45:06:904 (15123) 0 [Utility.Event] Namespace HSCUSTOM changes have been activated
01/13/26-17:45:07:120 (15123) 0 [Utility.Event] Activating HSCUSTOM namespace map
01/13/26-17:45:07:130 (15123) 0 [Utility.Event] Namespace HSCUSTOM changes have been activated
01/13/26-17:45:07:310 (15123) 0 [Utility.Event] Activating HSCUSTOM namespace map
01/13/26-17:45:07:322 (15123) 0 [Utility.Event] Namespace HSCUSTOM changes have been activated
01/13/26-17:45:07:507 (15123) 0 [Utility.Event] Activating HSSYS namespace map
01/13/26-17:45:07:520 (15123) 0 [Utility.Event] Namespace HSSYS changes have been activated
01/13/26-17:45:07:699 (15123) 0 [Utility.Event] Activating HSLIB namespace map
01/13/26-17:45:07:711 (15123) 0 [Utility.Event] Namespace HSLIB changes have been activated
01/13/26-17:45:08:676 (15122) 0 [Database.StartExpansion] Starting Expansion for database /usr/irissys/mgr/HSCUSTOM/. 10 MB requested.
01/13/26-17:45:08:677 (15122) 0 [Database.FullExpansion] Expansion completed for database /usr/irissys/mgr/HSCUSTOM/. Expanded by 10 MB. New size is 11 MB.
01/13/26-17:45:39:115 (15122) 0 [Database.StartExpansion] Starting Expansion for database /usr/irissys/mgr/HSCUSTOM/. 10 MB requested.
01/13/26-17:45:39:115 (15122) 0 [Database.FullExpansion] Expansion completed for database /usr/irissys/mgr/HSCUSTOM/. Expanded by 10 MB. New size is 21 MB.
01/13/26-17:45:46:138 (15122) 0 [Database.StartExpansion] Starting Expansion for database /usr/irissys/mgr/hslib/. 177 MB requested.
01/13/26-17:45:46:139 (15122) 0 [Database.FullExpansion] Expansion completed for database /usr/irissys/mgr/hslib/. Expanded by 177 MB. New size is 1600 MB.
01/13/26-17:46:16:256 (15122) 0 [Database.StartExpansion] Starting Expansion for database /usr/irissys/mgr/hssys/. 10 MB requested.
01/13/26-17:46:16:257 (15122) 0 [Database.FullExpansion] Expansion completed for database /usr/irissys/mgr/hssys/. Expanded by 10 MB. New size is 11 MB.
01/13/26-17:46:33:762 (15122) 0 [Database.StartExpansion] Starting Expansion for database /usr/irissys/mgr/hssys/. 10 MB requested.
01/13/26-17:46:33:762 (15122) 0 [Database.FullExpansion] Expansion completed for database /usr/irissys/mgr/hssys/. Expanded by 10 MB. New size is 21 MB.
01/13/26-17:46:38:421 (15123) 0 [Utility.Event] Activating HSSYS namespace map
01/13/26-17:46:38:433 (15123) 0 [Utility.Event] Namespace HSSYS changes have been activated
01/13/26-17:46:38:629 (15123) 0 [Utility.Event] Activating HSSYS namespace map
01/13/26-17:46:38:641 (15123) 0 [Utility.Event] Namespace HSSYS changes have been activated
01/13/26-17:46:38:933 (15123) 0 [Utility.Event] Activating HSSYS namespace map
01/13/26-17:46:38:945 (15123) 0 [Utility.Event] Namespace HSSYS changes have been activated
01/13/26-17:46:39:143 (15123) 0 [Utility.Event] Activating HSSYS namespace map
01/13/26-17:46:39:154 (15123) 0 [Utility.Event] Namespace HSSYS changes have been activated
01/13/26-17:46:39:276 (15123) 0 [Generic.Event] Switched database /usr/irissys/mgr/hslib/ (SFN 9) to read-only.
01/13/26-17:46:39:385 (15123) 0 [Utility.Event] Installation initialization sequence complete 
01/13/26-17:46:39:386 (15123) 0 [Utility.Event] Enabling logons
01/13/26-17:46:39:448 (15123) 0 [Utility.Event] Interoperability System including auto-start of productions Starting
01/13/26-17:46:39:453 (15123) 0 [Utility.Event] %ZHSLIB.HealthShareMgr started items for Failover context. Check relevant log files and Event Logs for outcomes.
01/13/26-17:46:39:453 (15123) 0 [Utility.Event] IRIS for UNIX (Ubuntu Server LTS for ARM64 Containers) 2025.3 (Build 226U) Thu Nov 13 2025 12:40:36 EST [Health:9.1.0]
01/13/26-17:46:39:453 (15123) 0 [Utility.Event] Initializing Interoperability during system startup
01/13/26-17:46:39:454 (15123) 0 [Utility.Event] Not licensed for Interoperability, auto-start skipped.
01/13/26-17:46:39:481 (15123) 0 [Utility.Event] Interoperability System Startup Complete
01/13/26-17:46:40:096 (15138) 0 [Utility.Event] Starting TASKMGR
01/13/26-17:46:43:328 (15171) 0 [Utility.Event] User 'irisowner' shutting down InterSystems IRIS
01/13/26-17:46:43:456 (15139) 0 [Utility.Event] [SYSTEM MONITOR] System Monitor stopped in %SYS
01/13/26-17:46:43:466 (15171) 0 [Utility.Event] Notifying Clients
01/13/26-17:46:43:467 (15171) 0 [Utility.Event] No user shutdown routines to execute
01/13/26-17:46:43:467 (15171) 0 [Utility.Event] Stopping User Jobs
01/13/26-17:46:43:468 (15171) 0 [Utility.Event] Stopping Network Servers
01/13/26-17:46:43:469 (15171) 0 [Utility.Event] Withdrawing from License Domain
01/13/26-17:46:43:469 (15171) 0 [Utility.Event] Waiting for users to stop
01/13/26-17:46:43:469 (15171) 0 [Utility.Event] 1 user process(es) remain
01/13/26-17:46:43:524 (15171) 0 [Generic.Event] Auditing stopped
01/13/26-17:46:43:524 (15171) 0 [Utility.Event] Stopping Client Networking
01/13/26-17:46:43:525 (15171) 0 [Utility.Event] Updating Journal File
01/13/26-17:46:43:546 (15171) 0 [Utility.Event] Journal restore not required at next startup
01/13/26-17:46:43:546 (15171) 0 [Utility.Event] Transaction rollback not required at next startup
01/13/26-17:46:43:617 (15171) 0 [Utility.Event] Removing database locks
01/13/26-17:46:43:620 (15171) 0 [Utility.Event] Waiting for database updates to complete
01/13/26-17:46:43:620 (15171) 0 [Utility.Event] Database updates complete
01/13/26-17:46:43:620 (15171) 0 [Utility.Event] Stopping System Jobs
01/13/26-17:46:43:721 (15122) 0 [Generic.Event] EXPDMN exited due to system shutdown
01/13/26-17:46:43:721 (15114) 0 [Generic.Event] JRNDMN exited due to system shutdown
01/13/26-17:46:43:721 (15113) 0 [Generic.Event] GARCOL exited due to system shutdown
01/13/26-17:46:43:721 (15115) 0 [Generic.Event] AUXWD #1 exited due to system shutdown
01/13/26-17:46:43:721 (15116) 0 [Generic.Event] AUXWD #2 exited due to system shutdown
01/13/26-17:46:43:721 (15117) 0 [Generic.Event] AUXWD #3 exited due to system shutdown
01/13/26-17:46:43:721 (15118) 0 [Generic.Event] AUXWD #4 exited due to system shutdown
01/13/26-17:46:43:721 (15119) 0 [Generic.Event] AUXWD #5 exited due to system shutdown
01/13/26-17:46:43:722 (15120) 0 [Generic.Event] AUXWD #6 exited due to system shutdown
01/13/26-17:46:43:722 (15121) 0 [Generic.Event] AUXWD #7 exited due to system shutdown
01/13/26-17:46:43:722 (15112) 0 [Generic.Event] No blocks pending in WIJ file
01/13/26-17:46:43:722 (15112) 0 [Generic.Event] WRTDMN exited due to system shutdown
01/13/26-17:46:43:732 (15063) 0 [Generic.Event] CONTROL exited due to system shutdown
01/13/26-17:46:43:772 (15171) 0 [Utility.Event] Shutdown complete



*** Recovery started at Tue Jan 13 17:46:45 2026
     Current default directory: /usr/irissys/mgr
     Log file directory: /usr/irissys/mgr/
     WIJ file spec: /usr/irissys/mgr/IRIS.WIJ
Recovering local (/usr/irissys/mgr/IRIS.WIJ) image journal file...
Starting WIJ recovery for '/usr/irissys/mgr/IRIS.WIJ'.
  0 blocks pending in this WIJ.
Exiting with status 3 (Success)
01/13/26-17:46:45:110 (15600) 0 [Generic.Event] Global buffer setting requires attention.  Auto-selected 25% of total memory.
01/13/26-17:46:45:200 (15600) 0 [Generic.Event] Allocated 72715MB shared memory
01/13/26-17:46:45:201 (15600) 0 [Generic.Event] 65262MB global buffers, 1020MB routine buffers, 64MB journal buffers, 4390MB buffer descriptors, 1957MB heap, 5MB ECP, 15MB miscellaneous
01/13/26-17:46:45:202 (15600) 0 [SIMD] SIMD optimization level: DEFAULT
01/13/26-17:46:45:474 (15600) 0 [WriteDaemon.UsingWIJFile] Using WIJ file: /usr/irissys/mgr/IRIS.WIJ
01/13/26-17:46:45:474 (15600) 0 [Generic.Event] Jrn info from prior WIJ (imflags: 0):
	wdpass: 0
	jrnwdpass: 20
	fspec: /usr/irissys/mgr/journal/20260113.001
	filecnt: 1
	fileoff: 0
	prevfcnt: 1
	prevfileoeff: 0
	min trans cnt: 1
	min trans index: 79999328
01/13/26-17:46:45:475 (15600) 0 [Generic.Event] InterSystems IRIS is started with NOSTU option.
01/13/26-17:46:45:477 (15600) 0 [Generic.Event] 
Startup of InterSystems IRIS [IRIS for UNIX (Ubuntu Server LTS for ARM64 Containers) 2025.3 (Build 226U) Thu Nov 13 2025 12:40:36 EST]
	in /usr/irissys/bin/
	with mgr: /usr/irissys/mgr
	with wij: /usr/irissys/mgr/IRIS.WIJ
	from: /usr/irissys/mgr/
  OS=[Linux], version=[#1 SMP Fri Oct 7 11:33:30 EDT 2022], release=[4.18.0-372.32.1.el8_6.aarch64], machine=[aarch64]
  nodename=[7d4488f451f1].
  numasyncwijbuf: 2, wdwrite_asyncio_max: 64, wijdirectio: on, synctype: 3
  System Initialized.
01/13/26-17:46:45:486 (15649) 0 [WriteDaemon.Started] Write daemon started.
01/13/26-17:46:45:504 (15681) 0 [Database.MountedRW] Mounted database /usr/irissys/mgr/ (SFN 0) read-write.
01/13/26-17:46:45:508 (15681) 0 [Database.MountedRO] Mounted database /usr/irissys/mgr/irislib/ (SFN 1) read-only. Database label is marked read-only. 
01/13/26-17:46:45:515 (15681) 0 [Database.MountedRW] Mounted database /usr/irissys/mgr/irislocaldata/ (SFN 2) read-write.
01/13/26-17:46:45:517 (15681) 2 [Utility.Event] SQL detected collation mismatch which can cause incorrect query results. Default process collation (5) is different from IRISTEMP database collation ()
01/13/26-17:46:45:637 (15681) 0 [Database.MountedRW] Mounted database /usr/irissys/mgr/irissecurity/ (SFN 3) read-write.
01/13/26-17:46:45:721 (15699) 0 [Utility.Event] User 'irisowner' shutting down InterSystems IRIS
01/13/26-17:46:45:858 (15699) 0 [Utility.Event] Notifying Clients
01/13/26-17:46:45:858 (15699) 0 [Utility.Event] No user shutdown routines to execute
01/13/26-17:46:45:858 (15699) 0 [Utility.Event] Stopping User Jobs
01/13/26-17:46:45:860 (15699) 0 [Utility.Event] Stopping Network Servers
01/13/26-17:46:45:860 (15699) 0 [Utility.Event] Withdrawing from License Domain
01/13/26-17:46:45:861 (15699) 0 [Utility.Event] Stopping Client Networking
01/13/26-17:46:45:862 (15699) 0 [Utility.Event] Updating Journal File
01/13/26-17:46:45:862 (15699) 0 [Utility.Event] Skip jrnwait as WIJ update is disabled
01/13/26-17:46:45:912 (15699) 0 [Utility.Event] Removing database locks
01/13/26-17:46:45:914 (15699) 0 [Utility.Event] Waiting for database updates to complete
01/13/26-17:46:45:914 (15699) 0 [Utility.Event] Database updates complete
01/13/26-17:46:45:914 (15699) 0 [Utility.Event] Stopping System Jobs
01/13/26-17:46:46:015 (15659) 0 [Generic.Event] EXPDMN exited due to system shutdown
01/13/26-17:46:46:015 (15651) 0 [Generic.Event] JRNDMN exited due to system shutdown
01/13/26-17:46:46:015 (15650) 0 [Generic.Event] GARCOL exited due to system shutdown
01/13/26-17:46:46:015 (15652) 0 [Generic.Event] AUXWD #1 exited due to system shutdown
01/13/26-17:46:46:015 (15653) 0 [Generic.Event] AUXWD #2 exited due to system shutdown
01/13/26-17:46:46:015 (15654) 0 [Generic.Event] AUXWD #3 exited due to system shutdown
01/13/26-17:46:46:015 (15655) 0 [Generic.Event] AUXWD #4 exited due to system shutdown
01/13/26-17:46:46:015 (15656) 0 [Generic.Event] AUXWD #5 exited due to system shutdown
01/13/26-17:46:46:015 (15657) 0 [Generic.Event] AUXWD #6 exited due to system shutdown
01/13/26-17:46:46:015 (15658) 0 [Generic.Event] AUXWD #7 exited due to system shutdown
01/13/26-17:46:46:017 (15649) 0 [Generic.Event] No blocks pending in WIJ file
01/13/26-17:46:46:018 (15649) 0 [Generic.Event] WRTDMN exited due to system shutdown
01/13/26-17:46:46:026 (15600) 0 [Generic.Event] CONTROL exited due to system shutdown
01/13/26-17:46:46:036 (15699) 0 [Utility.Event] Shutdown complete
01/21/26-12:11:39:318 (432) 0 [Utility.Event] Executing /usr/irissys/bin/iris version
01/21/26-12:11:39:321 (432) 0 [Utility.Event] Executing /usr/irissys/bin/iris qlist
01/21/26-12:11:39:325 (432) 0 [Utility.Event] Moving data directory of instance IRIS to /iris-shared/durable/
01/21/26-12:11:39:325 (432) 0 [Utility.Event] ISC_DATA_DIRECTORY=/iris-shared/durable/
01/21/26-12:11:39:328 (432) 0 [Utility.Event] Creating directory /iris-shared/durable/
01/21/26-12:11:39:328 (432) 0 [Utility.Event] Executing chown irisowner:irisowner /iris-shared/durable/
01/21/26-12:11:39:331 (432) 0 [Utility.Event] Creating directory /iris-shared/durable/mgr/
01/21/26-12:11:39:332 (432) 0 [Utility.Event] Executing chown irisowner:irisowner /iris-shared/durable/mgr/
01/21/26-12:11:39:332 (432) 0 [Utility.Event] Executing cp -fp /usr/irissys/mgr/messages.log /iris-shared/durable/mgr/messages.log
01/21/26-12:11:39:334 (432) 0 [Utility.Event] Executing cp -fp /usr/irissys/mgr/.product /iris-shared/durable/mgr/.product
01/21/26-12:11:39:335 (432) 0 [Utility.Event] Executing cp -fp /usr/irissys/mgr/ilock /iris-shared/durable/mgr/ilock
01/21/26-12:11:39:336 (432) 0 [Utility.Event] Executing cp -fp /usr/irissys/mgr/iris.key /iris-shared/durable/mgr/iris.key
01/21/26-12:11:39:337 (432) 0 [Utility.Event] Executing cp -fp /usr/irissys/mgr/irisodbc.ini /iris-shared/durable/mgr/irisodbc.ini
01/21/26-12:11:39:340 (432) 0 [Utility.Event] Database ENSLIB is set to read only, not copied to /iris-shared/durable/
01/21/26-12:11:39:343 (432) 0 [Utility.Event] Creating directory /iris-shared/durable/mgr/HSCUSTOM/
01/21/26-12:11:39:343 (432) 0 [Utility.Event] Executing chown irisowner:irisowner /iris-shared/durable/mgr/HSCUSTOM/
01/21/26-12:11:39:345 (432) 0 [Utility.Event] Executing cp -fp /usr/irissys/mgr/HSCUSTOM/IRIS.DAT /iris-shared/durable/mgr/HSCUSTOM/IRIS.DAT
01/21/26-12:11:39:390 (432) 0 [Utility.Event] Database HSLIB is set to read only, not copied to /iris-shared/durable/
01/21/26-12:11:39:393 (432) 0 [Utility.Event] Creating directory /iris-shared/durable/mgr/hssys/
01/21/26-12:11:39:395 (432) 0 [Utility.Event] Executing chown irisowner:irisowner /iris-shared/durable/mgr/hssys/
01/21/26-12:11:39:397 (432) 0 [Utility.Event] Executing cp -fp /usr/irissys/mgr/hssys/IRIS.DAT /iris-shared/durable/mgr/hssys/IRIS.DAT
01/21/26-12:11:39:432 (432) 0 [Utility.Event] Creating directory /iris-shared/durable/mgr/hssyslocaltemp/
01/21/26-12:11:39:433 (432) 0 [Utility.Event] Executing chown irisowner:irisowner /iris-shared/durable/mgr/hssyslocaltemp/
01/21/26-12:11:39:435 (432) 0 [Utility.Event] Executing cp -fp /usr/irissys/mgr/hssyslocaltemp/IRIS.DAT /iris-shared/durable/mgr/hssyslocaltemp/IRIS.DAT
01/21/26-12:11:39:440 (432) 0 [Utility.Event] Creating directory /iris-shared/durable/mgr/irisaudit/
01/21/26-12:11:39:440 (432) 0 [Utility.Event] Executing chown irisowner:irisowner /iris-shared/durable/mgr/irisaudit/
01/21/26-12:11:39:441 (432) 0 [Utility.Event] Executing cp -fp /usr/irissys/mgr/irisaudit/IRIS.DAT /iris-shared/durable/mgr/irisaudit/IRIS.DAT
01/21/26-12:11:39:454 (432) 0 [Utility.Event] Database IRISLIB is set to read only, not copied to /iris-shared/durable/
01/21/26-12:11:39:457 (432) 0 [Utility.Event] Creating directory /iris-shared/durable/mgr/irislocaldata/
01/21/26-12:11:39:457 (432) 0 [Utility.Event] Executing chown irisowner:irisowner /iris-shared/durable/mgr/irislocaldata/
01/21/26-12:11:39:458 (432) 0 [Utility.Event] Executing cp -fp /usr/irissys/mgr/irislocaldata/IRIS.DAT /iris-shared/durable/mgr/irislocaldata/IRIS.DAT
01/21/26-12:11:39:489 (432) 0 [Utility.Event] Creating directory /iris-shared/durable/mgr/irismetrics/
01/21/26-12:11:39:490 (432) 0 [Utility.Event] Executing chown irisowner:irisowner /iris-shared/durable/mgr/irismetrics/
01/21/26-12:11:39:491 (432) 0 [Utility.Event] Executing cp -fp /usr/irissys/mgr/irismetrics/IRIS.DAT /iris-shared/durable/mgr/irismetrics/IRIS.DAT
01/21/26-12:11:39:494 (432) 0 [Utility.Event] Creating directory /iris-shared/durable/mgr/irissecurity/
01/21/26-12:11:39:494 (432) 0 [Utility.Event] Executing chown irisowner:irisowner /iris-shared/durable/mgr/irissecurity/
01/21/26-12:11:39:495 (432) 0 [Utility.Event] Executing cp -fp /usr/irissys/mgr/irissecurity/IRIS.DAT /iris-shared/durable/mgr/irissecurity/IRIS.DAT
01/21/26-12:11:39:507 (432) 0 [Utility.Event] Creating directory /iris-shared/durable/mgr/
01/21/26-12:11:39:507 (432) 0 [Utility.Event] Executing chown irisowner:irisowner /iris-shared/durable/mgr/
01/21/26-12:11:39:508 (432) 0 [Utility.Event] Executing cp -fp /usr/irissys/mgr/IRIS.DAT /iris-shared/durable/mgr/IRIS.DAT
01/21/26-12:11:39:582 (432) 0 [Utility.Event] Creating directory /iris-shared/durable/mgr/iristemp/
01/21/26-12:11:39:583 (432) 0 [Utility.Event] Executing chown irisowner:irisowner /iris-shared/durable/mgr/iristemp/
01/21/26-12:11:39:584 (432) 0 [Utility.Event] Executing cp -fp /usr/irissys/mgr/iristemp/IRIS.DAT /iris-shared/durable/mgr/iristemp/IRIS.DAT
01/21/26-12:11:39:598 (432) 0 [Utility.Event] Creating directory /iris-shared/durable/mgr/user/
01/21/26-12:11:39:598 (432) 0 [Utility.Event] Executing chown irisowner:irisowner /iris-shared/durable/mgr/user/
01/21/26-12:11:39:599 (432) 0 [Utility.Event] Executing cp -fp /usr/irissys/mgr/user/IRIS.DAT /iris-shared/durable/mgr/user/IRIS.DAT
01/21/26-12:11:39:603 (432) 0 [Utility.Event] Creating directory /iris-shared/durable/mgr/journal/
01/21/26-12:11:39:603 (432) 0 [Utility.Event] Executing chown irisowner:irisowner /iris-shared/durable/mgr/journal/
01/21/26-12:11:39:604 (432) 0 [Utility.Event] Executing cp -fp /usr/irissys/iris.cpf /iris-shared/durable/iris.cpf
01/21/26-12:11:39:606 (432) 0 [Utility.Event] Creating directory /iris-shared/durable/csp/
01/21/26-12:11:39:607 (432) 0 [Utility.Event] Executing chown irisowner:irisowner /iris-shared/durable/csp/
01/21/26-12:11:39:609 (432) 0 [Utility.Event] Creating directory /iris-shared/durable/dev/
01/21/26-12:11:39:609 (432) 0 [Utility.Event] Executing chown irisowner:irisowner /iris-shared/durable/dev/
01/21/26-12:11:39:611 (432) 0 [Utility.Event] Creating directory /iris-shared/durable/dev/python/
01/21/26-12:11:39:611 (432) 0 [Utility.Event] Executing chown irisowner:irisowner /iris-shared/durable/dev/python/
01/21/26-12:11:39:612 (432) 0 [Utility.Event] Creating directory /iris-shared/durable/dev/python/virtual/
01/21/26-12:11:39:613 (432) 0 [Utility.Event] Executing chown irisowner:irisowner /iris-shared/durable/dev/python/virtual/
01/21/26-12:11:39:615 (432) 0 [Utility.Event] Creating directory /iris-shared/durable/csp/temp/
01/21/26-12:11:39:615 (432) 0 [Utility.Event] Executing chown irisowner:irisowner /iris-shared/durable/csp/temp/
01/21/26-12:11:39:617 (432) 0 [Utility.Event] Creating directory /iris-shared/durable/csp/broker/
01/21/26-12:11:39:617 (432) 0 [Utility.Event] Executing chown irisowner:irisowner /iris-shared/durable/csp/broker/
01/21/26-12:11:39:619 (432) 0 [Utility.Event] Creating directory /iris-shared/durable/csp/user/
01/21/26-12:11:39:620 (432) 0 [Utility.Event] Executing chown irisowner:irisowner /iris-shared/durable/csp/user/
01/21/26-12:11:39:621 (432) 0 [Utility.Event] Creating directory /iris-shared/durable/csp/bin/
01/21/26-12:11:39:622 (432) 0 [Utility.Event] Executing chown irisowner:irisowner /iris-shared/durable/csp/bin/
01/21/26-12:11:39:725 (432) 0 [Utility.Event] Creating directory /iris-shared/durable/csp/broker/covers/
01/21/26-12:11:39:727 (432) 0 [Utility.Event] Executing chown irisowner:irisowner /iris-shared/durable/csp/broker/covers/
01/21/26-12:11:39:789 (432) 0 [Utility.Event] Creating directory /iris-shared/durable/csp/broker/deepsee/
01/21/26-12:11:39:790 (432) 0 [Utility.Event] Executing chown irisowner:irisowner /iris-shared/durable/csp/broker/deepsee/
01/21/26-12:11:39:997 (432) 0 [Utility.Event] Creating directory /iris-shared/durable/dist/
01/21/26-12:11:39:998 (432) 0 [Utility.Event] Executing chown irisowner:irisowner /iris-shared/durable/dist/
01/21/26-12:11:39:999 (432) 0 [Utility.Event] Creating directory /iris-shared/durable/dist/install/
01/21/26-12:11:40:000 (432) 0 [Utility.Event] Executing chown irisowner:irisowner /iris-shared/durable/dist/install/
01/21/26-12:11:40:001 (432) 0 [Utility.Event] Creating directory /iris-shared/durable/dist/install/misc/
01/21/26-12:11:40:002 (432) 0 [Utility.Event] Executing chown irisowner:irisowner /iris-shared/durable/dist/install/misc/
01/21/26-12:11:40:003 (432) 0 [Utility.Event] Executing cp -fp /usr/irissys/dist/install/misc/buildver /iris-shared/durable/dist/install/misc/buildver
01/21/26-12:11:40:004 (432) 0 [Utility.Event] File copy complete
01/21/26-12:11:40:005 (432) 0 [Utility.Event] Updating configuration files
01/21/26-12:11:40:081 (432) 0 [Utility.Event] Executing /usr/irissys/bin/iris update IRIS datadir=/iris-shared/durable/
01/21/26-12:11:40:084 (432) 0 [Utility.Event] Executing cp -fp /usr/irissys/bin/irismgr /usr/irissys/bin/irisinstall
01/21/26-12:11:40:086 (432) 0 [Utility.Event] Executing cp -fp /usr/irissys/bin/irisuxsusr /usr/irissys/bin/irisuxsinst
01/21/26-12:11:40:086 (432) 0 [Utility.Event] Executing /usr/irissys/bin/irisinstall -s/iris-shared/durable/mgr/ -cc -g20 -W1 -B -C/iris-shared/durable/iris.cpf*INSTALL
01/21/26-12:11:40:090 (1165) 0 [Generic.Event] InterSystems IRIS license file (iris.key) must be validated with License Server.
01/21/26-12:11:40:113 (1165) 0 [Generic.Event] Allocated 502MB shared memory
01/21/26-12:11:40:113 (1165) 0 [Generic.Event] 32MB global buffers, 80MB routine buffers, 64MB journal buffers, 5MB buffer descriptors, 300MB heap, 5MB ECP, 15MB miscellaneous
01/21/26-12:11:40:113 (1165) 0 [SIMD] SIMD optimization level: DEFAULT
01/21/26-12:11:40:117 (1165) 0 [WriteDaemon.UsingWIJFile] Using WIJ file: /iris-shared/durable/mgr/IRIS.WIJ
01/21/26-12:11:40:117 (1165) 0 [Generic.Event] No journaling info from prior system
01/21/26-12:11:40:117 (1165) 0 [WriteDaemon.CreatingNewWIJ] Creating a new WIJ file
01/21/26-12:11:40:125 (1165) 0 [WriteDaemon.CreatedNewWIJ] New WIJ file created
01/21/26-12:11:40:127 (1165) 0 [Generic.Event] 
Startup of InterSystems IRIS [IRIS for UNIX (Ubuntu Server LTS for ARM64 Containers) 2025.3 (Build 226U) Thu Nov 13 2025 12:40:36 EST]
	in /usr/irissys/bin/
	with mgr: /iris-shared/durable/mgr
	with wij: /iris-shared/durable/mgr/IRIS.WIJ
	from: /iris-shared/durable/mgr/
  OS=[Linux], version=[#1 SMP Thu Mar 20 16:32:56 UTC 2025], release=[6.10.14-linuxkit], machine=[aarch64]
  nodename=[iris-data-server].
  numasyncwijbuf: 2, wdwrite_asyncio_max: 64, wijdirectio: on, synctype: 3
  System Initialized.
01/21/26-12:11:40:128 (1198) 0 [WriteDaemon.Started] Write daemon started.
01/21/26-12:11:40:129 (432) 0 [Utility.Event] Executing /usr/irissys/bin/irisuxsinst -s/iris-shared/durable/mgr/ -B -V
01/21/26-12:11:40:132 (1209) 0 [Database.MountedRW] Mounted database /iris-shared/durable/mgr/ (SFN 0) read-write.
01/21/26-12:11:40:137 (1209) 0 [Database.MountedRO] Mounted database /usr/irissys/mgr/irislib/ (SFN 1) read-only. Database label is marked read-only. 
01/21/26-12:11:40:379 (1209) 0 [Database.MountedRW] Mounted database /iris-shared/durable/mgr/irissecurity/ (SFN 2) read-write.
01/21/26-12:11:40:381 (432) 0 [Utility.Event] Executing rm -f /iris-shared/durable/mgr/install.in
01/21/26-12:11:40:382 (432) 0 [Utility.Event] Executing /usr/irissys/bin/irisuxsinst -s/iris-shared/durable/mgr/ -B -V INT^SHUTDOWN
01/21/26-12:11:40:388 (1211) 0 [Utility.Event] User 'irisowner' shutting down InterSystems IRIS
01/21/26-12:11:40:393 (1211) 0 [Database.MountedRW] Mounted database /iris-shared/durable/mgr/irislocaldata/ (SFN 3) read-write.
01/21/26-12:11:40:395 (1211) 0 [Utility.Event] Notifying Clients
01/21/26-12:11:40:395 (1211) 0 [Utility.Event] No user shutdown routines to execute
01/21/26-12:11:40:395 (1211) 0 [Utility.Event] Stopping User Jobs
01/21/26-12:11:40:397 (1211) 0 [Utility.Event] Stopping Network Servers
01/21/26-12:11:40:397 (1211) 0 [Utility.Event] Withdrawing from License Domain
01/21/26-12:11:40:398 (1211) 0 [Utility.Event] Stopping Client Networking
01/21/26-12:11:40:399 (1211) 0 [Utility.Event] Updating Journal File
01/21/26-12:11:40:399 (1211) 0 [Utility.Event] Journal restore not required at next startup
01/21/26-12:11:40:399 (1211) 0 [Utility.Event] Transaction rollback not required at next startup
01/21/26-12:11:40:503 (1211) 0 [Utility.Event] Removing database locks
01/21/26-12:11:40:504 (1211) 0 [Utility.Event] Waiting for database updates to complete
01/21/26-12:11:40:505 (1211) 0 [Utility.Event] Database updates complete
01/21/26-12:11:40:505 (1211) 0 [Utility.Event] Stopping System Jobs
01/21/26-12:11:40:611 (1208) 0 [Generic.Event] EXPDMN exited due to system shutdown
01/21/26-12:11:40:612 (1202) 0 [Generic.Event] AUXWD #2 exited due to system shutdown
01/21/26-12:11:40:612 (1204) 0 [Generic.Event] AUXWD #4 exited due to system shutdown
01/21/26-12:11:40:613 (1205) 0 [Generic.Event] AUXWD #5 exited due to system shutdown
01/21/26-12:11:40:613 (1206) 0 [Generic.Event] AUXWD #6 exited due to system shutdown
01/21/26-12:11:40:611 (1200) 0 [Generic.Event] JRNDMN exited due to system shutdown
01/21/26-12:11:40:611 (1199) 0 [Generic.Event] GARCOL exited due to system shutdown
01/21/26-12:11:40:612 (1201) 0 [Generic.Event] AUXWD #1 exited due to system shutdown
01/21/26-12:11:40:614 (1198) 0 [Generic.Event] No blocks pending in WIJ file
01/21/26-12:11:40:612 (1203) 0 [Generic.Event] AUXWD #3 exited due to system shutdown
01/21/26-12:11:40:613 (1207) 0 [Generic.Event] AUXWD #7 exited due to system shutdown
01/21/26-12:11:40:616 (1198) 0 [Generic.Event] WRTDMN exited due to system shutdown
01/21/26-12:11:40:624 (1165) 0 [Generic.Event] CONTROL exited due to system shutdown
01/21/26-12:11:40:635 (1211) 0 [Utility.Event] Shutdown complete
01/21/26-12:11:40:643 (432) 0 [Utility.Event] Executing rm -f /usr/irissys/bin/irisinstall
01/21/26-12:11:40:644 (432) 0 [Utility.Event] Executing rm -f /usr/irissys/bin/irisuxsint
01/21/26-12:11:40:645 (432) 0 [Utility.Event] Executing rm -f /iris-shared/durable/CloneIncomplete
01/21/26-12:11:40:645 (432) 0 [Utility.Event] Instance IRIS data directory moved to /iris-shared/durable/
01/21/26-12:11:40:646 (432) 0 [Utility.Event] Executing find /usr/irissys/ -type d -exec chmod ugo-w {} +
01/21/26-12:11:40:814 (432) 0 [Utility.Event] Executing chmod ugo-w /usr/irissys/



*** Recovery started at Wed Jan 21 12:11:40 2026
     Current default directory: /iris-shared/durable/mgr
     Log file directory: /iris-shared/durable/mgr/
     WIJ file spec: /iris-shared/durable/mgr/IRIS.WIJ
Recovering local (/iris-shared/durable/mgr/IRIS.WIJ) image journal file...
Starting WIJ recovery for '/iris-shared/durable/mgr/IRIS.WIJ'.
  0 blocks pending in this WIJ.
Exiting with status 3 (Success)
01/21/26-12:11:40:875 (1621) 0 [Generic.Event] Global buffer setting requires attention.  Auto-selected 25% of total memory.
01/21/26-12:11:40:876 (1621) 0 [Generic.Event] InterSystems IRIS license file (iris.key) must be validated with License Server.
01/21/26-12:11:40:899 (1621) 0 [Generic.Event] Allocated 5058MB shared memory
01/21/26-12:11:40:899 (1621) 0 [Generic.Event] 3993MB global buffers, 399MB routine buffers, 64MB journal buffers, 281MB buffer descriptors, 300MB heap, 5MB ECP, 15MB miscellaneous
01/21/26-12:11:40:900 (1621) 0 [SIMD] SIMD optimization level: DEFAULT
01/21/26-12:11:40:952 (1621) 0 [WriteDaemon.UsingWIJFile] Using WIJ file: /iris-shared/durable/mgr/IRIS.WIJ
01/21/26-12:11:40:952 (1621) 0 [Generic.Event] No journaling info from prior system
01/21/26-12:11:40:953 (1621) 0 [WriteDaemon.CreatingNewWIJ] Creating a new WIJ file
01/21/26-12:11:40:969 (1621) 0 [WriteDaemon.CreatedNewWIJ] New WIJ file created
01/21/26-12:11:40:971 (1621) 0 [Generic.Event] 
Startup of InterSystems IRIS [IRIS for UNIX (Ubuntu Server LTS for ARM64 Containers) 2025.3 (Build 226U) Thu Nov 13 2025 12:40:36 EST]
	in /usr/irissys/bin/
	with mgr: /iris-shared/durable/mgr
	with wij: /iris-shared/durable/mgr/IRIS.WIJ
	from: /iris-shared/durable/mgr/
  OS=[Linux], version=[#1 SMP Thu Mar 20 16:32:56 UTC 2025], release=[6.10.14-linuxkit], machine=[aarch64]
  nodename=[iris-data-server].
  numasyncwijbuf: 2, wdwrite_asyncio_max: 64, wijdirectio: on, synctype: 3
  System Initialized.
01/21/26-12:11:40:972 (1662) 0 [WriteDaemon.Started] Write daemon started.
01/21/26-12:11:40:975 (1673) 0 [Database.MountedRW] Mounted database /iris-shared/durable/mgr/ (SFN 0) read-write.
01/21/26-12:11:40:978 (1621) 1 [Generic.Event] Cannot lock /usr/irissys/mgr/irislib/ err(13): will try accessing readonly
01/21/26-12:11:40:978 (1673) 0 [Database.MountedRO] Mounted database /usr/irissys/mgr/irislib/ (SFN 1) read-only. File or filesystem allows read-only access. 
01/21/26-12:11:40:979 (1673) 0 [Utility.Event] Instance 'IRIS' starting on node iris-data-server by user 'irisowner' on 01/21/2026 12:11:40.979 UTC
01/21/26-12:11:40:979 (1673) 0 [Utility.Event] Using parameters from file '/iris-shared/durable/iris.cpf'
01/21/26-12:11:40:979 (1673) 0 [Utility.Event] Loading DLLs
01/21/26-12:11:40:982 (1673) 0 [Utility.Event] Switching to temporary %SYS Namespace
01/21/26-12:11:40:987 (1673) 0 [Database.MountedRW] Mounted database /iris-shared/durable/mgr/irissecurity/ (SFN 2) read-write.
01/21/26-12:11:40:988 (1673) 0 [Utility.Event] Loading Locale enuw (English, United States, Unicode) from objects
01/21/26-12:11:40:998 (1673) 0 [Database.MountedRW] Mounted database /iris-shared/durable/mgr/irislocaldata/ (SFN 3) read-write.
01/21/26-12:11:40:999 (1673) 0 [Utility.Event] Using OpenSSL 3.0.13 30 Jan 2024
01/21/26-12:11:41:012 (1673) 0 [Database.MountedRW] Mounted database /iris-shared/durable/mgr/iristemp/ (SFN 4) read-write.
01/21/26-12:11:41:012 (1673) 0 [Utility.Event] /iris-shared/durable/mgr/iristemp/ initialized as IRISTEMP
01/21/26-12:11:41:013 (1673) 0 [Utility.Event] Switching to default %SYS Namespace
01/21/26-12:11:41:014 (1673) 0 [Utility.Event] Added ethernet device tunl0,gre0,gretap0,erspan0,ip_vti0,ip6_vti0,sit0,ip6tnl0,ip6gre0 to default list
01/21/26-12:11:41:019 (1674) 0 [Utility.Event] Log Monitor Started
01/21/26-12:11:41:122 (1675) 0 [Utility.Event] Clean Daemon Started
01/21/26-12:11:41:123 (1673) 1 [Utility.Event] Configuration file /iris-shared/durable/iris.cpf is not the same as when last shut down
01/21/26-12:11:41:406 (1673) 0 [Utility.Event] Updating configuration information from /iris-shared/durable/iris.cpf
01/21/26-12:11:41:420 (1673) 0 [Utility.Event] No archives configured
01/21/26-12:11:41:421 (1673) 0 [Utility.Event] Performing Journal Recovery
01/21/26-12:11:41:421 (1673) 0 [Utility.Event] Graceful system shutdown, journal restore not required
01/21/26-12:11:41:421 (1673) 0 [Utility.Event] Graceful system shutdown, transaction rollback not required
01/21/26-12:11:41:424 (1673) 0 [Utility.Event] START: /iris-shared/durable/mgr/journal/20260121.001
01/21/26-12:11:41:425 (1673) 0 [Generic.Event] INTERSYSTEMS IRIS JOURNALING SYSTEM MESSAGE
Journaling started to: /iris-shared/durable/mgr/journal/20260121.001
01/21/26-12:11:41:426 (1673) 0 [Utility.Event] Journaling to /iris-shared/durable/mgr/journal/20260121.001 started.
01/21/26-12:11:41:426 (1673) 0 [Utility.Event] Processing WorkQueues section
01/21/26-12:11:41:428 (1673) 0 [Utility.Event] Processing Startup section
01/21/26-12:11:41:430 (1676) 0 [Utility.Event] Purging old application errors
01/21/26-12:11:41:431 (1673) 0 [Utility.Event] Created temp directory /iris-shared/durable/mgr/Temp
01/21/26-12:11:41:433 (1673) 0 [Utility.Event] Processing config section
01/21/26-12:11:41:435 (1678) 0 [Utility.Event] LMF Info:  Activating Core Capacity license key
01/21/26-12:11:41:437 (1673) 0 [Utility.Event] Initializing Security system
01/21/26-12:11:41:449 (1673) 0 [Utility.Event] Processing Network section
01/21/26-12:11:41:449 (1673) 0 [Utility.Event] Activating Network
01/21/26-12:11:41:451 (1673) 0 [Utility.Event] Processing Databases section
01/21/26-12:11:41:453 (1673) 0 [Database.MountedRW] Mounted database /iris-shared/durable/mgr/irisaudit/ (SFN 5) read-write.
01/21/26-12:11:41:455 (1673) 0 [Database.MountedRW] Mounted database /iris-shared/durable/mgr/irismetrics/ (SFN 6) read-write.
01/21/26-12:11:41:456 (1673) 0 [Utility.Event] Processing Namespaces section
01/21/26-12:11:41:456 (1673) 0 [Utility.Event] Loading all namespaces
01/21/26-12:11:41:464 (1621) 1 [Generic.Event] Cannot lock /usr/irissys/mgr/hslib/ err(13): will try accessing readonly
01/21/26-12:11:41:464 (1673) 0 [Database.MountedRO] Mounted database /usr/irissys/mgr/hslib/ (SFN 7) read-only. File or filesystem allows read-only access. 
01/21/26-12:11:41:465 (1673) 0 [Database.MountedRW] Mounted database /iris-shared/durable/mgr/HSCUSTOM/ (SFN 8) read-write.
01/21/26-12:11:41:466 (1621) 1 [Generic.Event] Cannot lock /usr/irissys/mgr/enslib/ err(13): will try accessing readonly
01/21/26-12:11:41:466 (1673) 0 [Database.MountedRO] Mounted database /usr/irissys/mgr/enslib/ (SFN 9) read-only. File or filesystem allows read-only access. 
01/21/26-12:11:41:514 (1673) 0 [Utility.Event] Activating namespaces
01/21/26-12:11:41:514 (1673) 0 [Utility.Event] Activating new namespace map
01/21/26-12:11:41:539 (1673) 0 [Utility.Event] Namespace changes have been activated
01/21/26-12:11:41:542 (1683) 0 [Utility.Event] Starting superserver on port 1972
01/21/26-12:11:41:542 (1673) 0 [Utility.Event] Network Lock Upload Phase Starting
01/21/26-12:11:41:542 (1673) 0 [Utility.Event] Lock Upload Phase Complete
01/21/26-12:11:41:542 (1673) 0 [Utility.Event] Processing Miscellaneous section
01/21/26-12:11:41:546 (1686) 0 [Utility.Event] Starting Servers
01/21/26-12:11:41:547 (1686) 0 [Utility.Event] Processing Shadows section (this system as shadow)
01/21/26-12:11:41:547 (1673) 0 [Utility.Event] Processing Devices section
01/21/26-12:11:41:547 (1673) 0 [Utility.Event] Processing DeviceSubTypes section
01/21/26-12:11:41:547 (1673) 0 [Utility.Event] Processing MagTape section
01/21/26-12:11:41:549 (1673) 0 [Utility.Event] Processing IO section
01/21/26-12:11:41:549 (1673) 0 [Utility.Event] Processing SQL section
01/21/26-12:11:41:549 (1686) 0 [Utility.Event] Processing Monitor section
01/21/26-12:11:41:549 (1673) 0 [Utility.Event] Processing Macro Pre-Processor (MPP) section
01/21/26-12:11:41:550 (1673) 0 [Utility.Event] Processing OS Package Requirements section
01/21/26-12:11:41:551 (1687) 0 [Utility.Event] WorkQueue: Starting work queue daemon parent=1686
01/21/26-12:11:41:557 (1686) 0 [Utility.Event] Processing Logging section
01/21/26-12:11:41:557 (1691) 0 [Utility.Event] [SYSTEM MONITOR] System Monitor started in %SYS
01/21/26-12:11:41:558 (1686) 0 [Utility.Event] Shard license: 1
01/21/26-12:11:41:692 (1673) 0 [Generic.Event] Auditing to /iris-shared/durable/mgr/irisaudit/
01/21/26-12:11:41:697 (1673) 0 [Utility.Event] Rebuilding Extent index for namespace %SYS
01/21/26-12:11:42:119 (1673) 0 [Utility.Event] Rebuilding Extent index for namespace HSCUSTOM
01/21/26-12:11:42:550 (1682) 0 [Database.MountedRW] Mounted database /iris-shared/durable/mgr/hssys/ (SFN 10) read-write.
01/21/26-12:11:43:394 (1673) 0 [Utility.Event] Rebuilding Extent index for namespace HSLIB
01/21/26-12:11:43:394 (1673) 0 [Utility.Event] Rebuilding Extent index for namespace HSSYS
01/21/26-12:11:43:443 (1678) 0 [Utility.Event] LMF Info:  Licensed for 128 cores.
01/21/26-12:11:43:443 (1678) 0 [Utility.Event] LMF Info: License Key Order Number is 54321
01/21/26-12:11:43:443 (1678) 0 [Utility.Event] LMF Info:  Connected to license server 127.0.0.1,4002
01/21/26-12:11:43:465 (1673) 0 [Utility.Event] Rebuilding Extent index for namespace HSSYSLOCALTEMP
01/21/26-12:11:43:466 (1673) 0 [Database.MountedRW] Mounted database /iris-shared/durable/mgr/hssyslocaltemp/ (SFN 11) read-write.
01/21/26-12:11:43:478 (1673) 0 [Utility.Event] Rebuild of Extent index completed
01/21/26-12:11:43:480 (1673) 0 [Utility.Event] Enabling logons
01/21/26-12:11:43:481 (1673) 0 [Utility.Event] Interoperability System including auto-start of productions Starting
01/21/26-12:11:43:557 (1690) 0 [Utility.Event] Starting TASKMGR
01/21/26-12:11:43:979 (1673) 0 [Utility.Event] %ZHSLIB.HealthShareMgr started items for Failover context. Check relevant log files and Event Logs for outcomes.
01/21/26-12:11:43:979 (1673) 0 [Utility.Event] IRIS for UNIX (Ubuntu Server LTS for ARM64 Containers) 2025.3 (Build 226U) Thu Nov 13 2025 12:40:36 EST [Health:9.1.0]
01/21/26-12:11:43:980 (1673) 0 [Utility.Event] Initializing Interoperability during system startup
01/21/26-12:11:44:175 (1673) 0 [Utility.Event] Interoperability System Startup Complete
